0 verbose cli C:\Program Files\nodejs\node.exe C:\Program Files\nodejs\node_modules\npm\bin\npm-cli.js
1 info using npm@10.8.1
2 info using node@v20.16.0
3 silly config load:file:C:\Program Files\nodejs\node_modules\npm\npmrc
4 silly config load:file:F:\xampp\htdocs\AbinotSchool\.npmrc
5 silly config load:file:C:\Users\ab\.npmrc
6 silly config load:file:C:\Users\ab\AppData\Roaming\npm\etc\npmrc
7 verbose title npm run build
8 verbose argv "run" "build"
9 verbose logfile logs-max:10 dir:F:\xampp\htdocs\AbinotSchool\.npm-cache\_logs\2024-12-28T12_11_51_926Z-
10 verbose logfile F:\xampp\htdocs\AbinotSchool\.npm-cache\_logs\2024-12-28T12_11_51_926Z-debug-0.log
11 silly logfile done cleaning log files
12 http fetch GET 200 https://registry.npmjs.org/npm 2042ms
13 verbose cwd F:\xampp\htdocs\AbinotSchool
14 verbose os Windows_NT 10.0.26100
15 verbose node v20.16.0
16 verbose npm  v10.8.1
17 notice
17 notice New [31mmajor[39m version of npm available! [31m10.8.1[39m -> [34m11.0.0[39m
17 notice Changelog: [34mhttps://github.com/npm/cli/releases/tag/v11.0.0[39m
17 notice To update run: [4mnpm install -g npm@11.0.0[24m
17 notice  { force: true, [Symbol(proc-log.meta)]: true }
18 verbose exit 0
19 info ok
